<?xml version="1.0" encoding="UTF-8"?>
<testng-results skipped="0" failed="0" total="11" passed="11">
  <reporter-output>
    <line>
      <![CDATA[</b><details><summary>Click to see last screen...</summary> <br></b>]]>
    </line>
    <line>
      <![CDATA[Открыть http://suptest.groupstp.ru/app/#! <br>]]>
    </line>
    <line>
      <![CDATA[</details></b>]]>
    </line>
    <line>
      <![CDATA[<a href=..\videos\smoke1.avi download="filename">Download video</a>]]>
    </line>
    <line>
      <![CDATA[<br><b><div align="left" style=" height:30px; width:250px; padding: 10px;  border: 2px solid gray; margin: 0; background-color:#19FF3A;">Class - Smoke1 TEST - smoke1 OK! chrome</div></b>]]>
    </line>
    <line>
      <![CDATA[</b><details><summary>Click to see last screen...</summary> <br></b>]]>
    </line>
    <line>
      <![CDATA[Открыть http://suptest.groupstp.ru/app/#! <br>]]>
    </line>
    <line>
      <![CDATA[</details></b>]]>
    </line>
    <line>
      <![CDATA[<a href=..\videos\smoke2.avi download="filename">Download video</a>]]>
    </line>
    <line>
      <![CDATA[<br><b><div align="left" style=" height:30px; width:250px; padding: 10px;  border: 2px solid gray; margin: 0; background-color:#19FF3A;">Class - Smoke1 TEST - smoke2 OK! chrome</div></b>]]>
    </line>
    <line>
      <![CDATA[</b><details><summary>Click to see last screen...</summary> <br></b>]]>
    </line>
    <line>
      <![CDATA[Открыть http://suptest.groupstp.ru/app/#! <br>]]>
    </line>
    <line>
      <![CDATA[</details></b>]]>
    </line>
    <line>
      <![CDATA[<a href=..\videos\smoke3.avi download="filename">Download video</a>]]>
    </line>
    <line>
      <![CDATA[<br><b><div align="left" style=" height:30px; width:250px; padding: 10px;  border: 2px solid gray; margin: 0; background-color:#19FF3A;">Class - Smoke1 TEST - smoke3 OK! chrome</div></b>]]>
    </line>
    <line>
      <![CDATA[</b><details><summary>Click to see last screen...</summary> <br></b>]]>
    </line>
    <line>
      <![CDATA[Открыть http://suptest.groupstp.ru/app/#! <br>]]>
    </line>
    <line>
      <![CDATA[</details></b>]]>
    </line>
    <line>
      <![CDATA[<a href=..\videos\smoke4.avi download="filename">Download video</a>]]>
    </line>
    <line>
      <![CDATA[<br><b><div align="left" style=" height:30px; width:250px; padding: 10px;  border: 2px solid gray; margin: 0; background-color:#19FF3A;">Class - Smoke1 TEST - smoke4 OK! chrome</div></b>]]>
    </line>
    <line>
      <![CDATA[</b><details><summary>Click to see last screen...</summary> <br></b>]]>
    </line>
    <line>
      <![CDATA[Открыть http://suptest.groupstp.ru/app/#! <br>]]>
    </line>
    <line>
      <![CDATA[</details></b>]]>
    </line>
    <line>
      <![CDATA[<a href=..\videos\smoke5.avi download="filename">Download video</a>]]>
    </line>
    <line>
      <![CDATA[<br><b><div align="left" style=" height:30px; width:250px; padding: 10px;  border: 2px solid gray; margin: 0; background-color:#19FF3A;">Class - Smoke1 TEST - smoke5 OK! chrome</div></b>]]>
    </line>
    <line>
      <![CDATA[</b><details><summary>Click to see last screen...</summary> <br></b>]]>
    </line>
    <line>
      <![CDATA[Открыть http://suptest.groupstp.ru/app/#! <br>]]>
    </line>
    <line>
      <![CDATA[</details></b>]]>
    </line>
    <line>
      <![CDATA[<a href=..\videos\smoke6.avi download="filename">Download video</a>]]>
    </line>
    <line>
      <![CDATA[<br><b><div align="left" style=" height:30px; width:250px; padding: 10px;  border: 2px solid gray; margin: 0; background-color:#19FF3A;">Class - Smoke1 TEST - smoke6 OK! chrome</div></b>]]>
    </line>
    <line>
      <![CDATA[</b><details><summary>Click to see last screen...</summary> <br></b>]]>
    </line>
    <line>
      <![CDATA[Открыть http://suptest.groupstp.ru/app/#! <br>]]>
    </line>
    <line>
      <![CDATA[</details></b>]]>
    </line>
    <line>
      <![CDATA[<a href=..\videos\smoke7.avi download="filename">Download video</a>]]>
    </line>
    <line>
      <![CDATA[<br><b><div align="left" style=" height:30px; width:250px; padding: 10px;  border: 2px solid gray; margin: 0; background-color:#19FF3A;">Class - Smoke1 TEST - smoke7 OK! chrome</div></b>]]>
    </line>
    <line>
      <![CDATA[</b><details><summary>Click to see last screen...</summary> <br></b>]]>
    </line>
    <line>
      <![CDATA[Открыть http://suptest.groupstp.ru/app/#! <br>]]>
    </line>
    <line>
      <![CDATA[</details></b>]]>
    </line>
    <line>
      <![CDATA[<a href=..\videos\smoke8.avi download="filename">Download video</a>]]>
    </line>
    <line>
      <![CDATA[<br><b><div align="left" style=" height:30px; width:250px; padding: 10px;  border: 2px solid gray; margin: 0; background-color:#19FF3A;">Class - Smoke1 TEST - smoke8 OK! chrome</div></b>]]>
    </line>
    <line>
      <![CDATA[</b><details><summary>Click to see last screen...</summary> <br></b>]]>
    </line>
    <line>
      <![CDATA[Открыть http://suptest.groupstp.ru/app/#! <br>]]>
    </line>
    <line>
      <![CDATA[</details></b>]]>
    </line>
    <line>
      <![CDATA[<a href=..\videos\smoke9.avi download="filename">Download video</a>]]>
    </line>
    <line>
      <![CDATA[<br><b><div align="left" style=" height:30px; width:250px; padding: 10px;  border: 2px solid gray; margin: 0; background-color:#19FF3A;">Class - Smoke1 TEST - smoke9 OK! chrome</div></b>]]>
    </line>
    <line>
      <![CDATA[</b><details><summary>Click to see last screen...</summary> <br></b>]]>
    </line>
    <line>
      <![CDATA[Открыть http://suptest.groupstp.ru/app/#! <br>]]>
    </line>
    <line>
      <![CDATA[</details></b>]]>
    </line>
    <line>
      <![CDATA[<a href=..\videos\smoke10.avi download="filename">Download video</a>]]>
    </line>
    <line>
      <![CDATA[<br><b><div align="left" style=" height:30px; width:250px; padding: 10px;  border: 2px solid gray; margin: 0; background-color:#19FF3A;">Class - Smoke1 TEST - smoke10 OK! chrome</div></b>]]>
    </line>
    <line>
      <![CDATA[</b><details><summary>Click to see last screen...</summary> <br></b>]]>
    </line>
    <line>
      <![CDATA[Открыть http://suptest.groupstp.ru/app/#! <br>]]>
    </line>
    <line>
      <![CDATA[</details></b>]]>
    </line>
    <line>
      <![CDATA[<a href=..\videos\smoke11.avi download="filename">Download video</a>]]>
    </line>
    <line>
      <![CDATA[<br><b><div align="left" style=" height:30px; width:250px; padding: 10px;  border: 2px solid gray; margin: 0; background-color:#19FF3A;">Class - Smoke1 TEST - smoke11 OK! chrome</div></b>]]>
    </line>
  </reporter-output>
  <suite name="SMOKE TESTS SUPPLY" duration-ms="903663" started-at="2019-02-07T11:06:15Z" finished-at="2019-02-07T11:21:18Z">
    <groups>
      <group name="smoke">
        <method signature="Smoke1.smoke1(java.lang.String, java.lang.String)[pri:1, instance:[Smoke1 passed=0 failed=0 skipped=0]]" name="smoke1" class="com.tests.smoke.Smoke1"/>
        <method signature="Smoke1.smoke2(java.lang.String, java.lang.String)[pri:2, instance:[Smoke1 passed=0 failed=0 skipped=0]]" name="smoke2" class="com.tests.smoke.Smoke1"/>
        <method signature="Smoke1.smoke3(java.lang.String, java.lang.String)[pri:3, instance:[Smoke1 passed=0 failed=0 skipped=0]]" name="smoke3" class="com.tests.smoke.Smoke1"/>
        <method signature="Smoke1.smoke4(java.lang.String, java.lang.String)[pri:4, instance:[Smoke1 passed=0 failed=0 skipped=0]]" name="smoke4" class="com.tests.smoke.Smoke1"/>
        <method signature="Smoke1.smoke5(java.lang.String, java.lang.String)[pri:5, instance:[Smoke1 passed=0 failed=0 skipped=0]]" name="smoke5" class="com.tests.smoke.Smoke1"/>
        <method signature="Smoke1.smoke6(java.lang.String, java.lang.String, java.lang.String, java.lang.String, java.lang.String, java.lang.String)[pri:6, instance:[Smoke1 passed=0 failed=0 skipped=0]]" name="smoke6" class="com.tests.smoke.Smoke1"/>
        <method signature="Smoke1.smoke7(java.lang.String, java.lang.String)[pri:7, instance:[Smoke1 passed=0 failed=0 skipped=0]]" name="smoke7" class="com.tests.smoke.Smoke1"/>
        <method signature="Smoke1.smoke8(java.lang.String, java.lang.String)[pri:8, instance:[Smoke1 passed=0 failed=0 skipped=0]]" name="smoke8" class="com.tests.smoke.Smoke1"/>
        <method signature="Smoke1.smoke9(java.lang.String, java.lang.String)[pri:9, instance:[Smoke1 passed=0 failed=0 skipped=0]]" name="smoke9" class="com.tests.smoke.Smoke1"/>
        <method signature="Smoke1.smoke10(java.lang.String, java.lang.String)[pri:10, instance:[Smoke1 passed=0 failed=0 skipped=0]]" name="smoke10" class="com.tests.smoke.Smoke1"/>
        <method signature="Smoke1.smoke11(java.lang.String, java.lang.String)[pri:10, instance:[Smoke1 passed=0 failed=0 skipped=0]]" name="smoke11" class="com.tests.smoke.Smoke1"/>
      </group> <!-- smoke -->
    </groups>
    <test name="SMOKE TESTS" duration-ms="903663" started-at="2019-02-07T11:06:15Z" finished-at="2019-02-07T11:21:18Z">
      <class name="com.tests.smoke.Smoke1">
        <test-method status="PASS" signature="cleanUp(java.lang.String, java.lang.String, java.lang.String, java.lang.String, java.lang.String, java.lang.String)[pri:0, instance:[Smoke1 passed=0 failed=0 skipped=0]]" name="cleanUp" is-config="true" duration-ms="12308" started-at="2019-02-07T14:06:02Z" finished-at="2019-02-07T14:06:15Z">
          <params>
            <param index="0">
              <value>
                <![CDATA[t.postavshik1@gmail.com]]>
              </value>
            </param>
            <param index="1">
              <value>
                <![CDATA[t.postavshik2@gmail.com]]>
              </value>
            </param>
            <param index="2">
              <value>
                <![CDATA[t.postavshik3@gmail.com]]>
              </value>
            </param>
            <param index="3">
              <value>
                <![CDATA[postavshik]]>
              </value>
            </param>
            <param index="4">
              <value>
                <![CDATA[s.testovoikompanii1@gmail.com]]>
              </value>
            </param>
            <param index="5">
              <value>
                <![CDATA[testovoikompanii1]]>
              </value>
            </param>
          </params>
          <reporter-output>
          </reporter-output>
        </test-method> <!-- cleanUp -->
        <test-method status="PASS" signature="setUp(java.lang.String, java.lang.String)[pri:0, instance:[Smoke1 passed=0 failed=0 skipped=0]]" name="setUp" is-config="true" duration-ms="8100" started-at="2019-02-07T14:06:15Z" finished-at="2019-02-07T14:06:23Z">
          <params>
            <param index="0">
              <value>
                <![CDATA[http://suptest.groupstp.ru/app/#!]]>
              </value>
            </param>
            <param index="1">
              <value>
                <![CDATA[test]]>
              </value>
            </param>
          </params>
          <reporter-output>
          </reporter-output>
        </test-method> <!-- setUp -->
        <test-method status="PASS" signature="startVideo(org.testng.ITestResult, java.lang.String, java.lang.String)[pri:0, instance:[Smoke1 passed=0 failed=0 skipped=0]]" name="startVideo" is-config="true" duration-ms="202" started-at="2019-02-07T14:06:23Z" finished-at="2019-02-07T14:06:23Z">
          <params>
            <param index="0">
              <value>
                <![CDATA[[TestResult name=smoke1 on [Smoke1 passed=0 failed=0 skipped=0] status=SUCCESS method=Smoke1.smoke1(java.lang.String, java.lang.String)[pri:1, instance:[Smoke1 passed=0 failed=0 skipped=0]] output=</details></b>]]]>
              </value>
            </param>
            <param index="1">
              <value>
                <![CDATA[chrome]]>
              </value>
            </param>
            <param index="2">
              <value>
                <![CDATA[http://suptest.groupstp.ru/app/#!]]>
              </value>
            </param>
          </params>
          <reporter-output>
            <line>
              <![CDATA[</b><details><summary>Click to see last screen...</summary> <br></b>]]>
            </line>
            <line>
              <![CDATA[Открыть http://suptest.groupstp.ru/app/#! <br>]]>
            </line>
          </reporter-output>
        </test-method> <!-- startVideo -->
        <test-method status="PASS" signature="smoke1(java.lang.String, java.lang.String)[pri:1, instance:[Smoke1 passed=0 failed=0 skipped=0]]" name="smoke1" duration-ms="70342" started-at="2019-02-07T14:06:23Z" finished-at="2019-02-07T14:07:33Z">
          <params>
            <param index="0">
              <value>
                <![CDATA[sotrudnik]]>
              </value>
            </param>
            <param index="1">
              <value>
                <![CDATA[sotrudnik]]>
              </value>
            </param>
          </params>
          <reporter-output>
            <line>
              <![CDATA[</details></b>]]>
            </line>
            <line>
              <![CDATA[<a href=..\videos\smoke1.avi download="filename">Download video</a>]]>
            </line>
            <line>
              <![CDATA[<br><b><div align="left" style=" height:30px; width:250px; padding: 10px;  border: 2px solid gray; margin: 0; background-color:#19FF3A;">Class - Smoke1 TEST - smoke1 OK! chrome</div></b>]]>
            </line>
          </reporter-output>
        </test-method> <!-- smoke1 -->
        <test-method status="PASS" signature="result(org.testng.ITestResult, java.lang.String)[pri:0, instance:[Smoke1 passed=0 failed=0 skipped=0]]" name="result" is-config="true" duration-ms="3154" started-at="2019-02-07T14:07:33Z" finished-at="2019-02-07T14:07:36Z">
          <params>
            <param index="0">
              <value>
                <![CDATA[[TestResult name=smoke1 on [Smoke1 passed=0 failed=0 skipped=0] status=SUCCESS method=Smoke1.smoke1(java.lang.String, java.lang.String)[pri:1, instance:[Smoke1 passed=0 failed=0 skipped=0]] output=</details></b>]]]>
              </value>
            </param>
            <param index="1">
              <value>
                <![CDATA[chrome]]>
              </value>
            </param>
          </params>
          <reporter-output>
          </reporter-output>
        </test-method> <!-- result -->
        <test-method status="PASS" signature="startVideo(org.testng.ITestResult, java.lang.String, java.lang.String)[pri:0, instance:[Smoke1 passed=0 failed=0 skipped=0]]" name="startVideo" is-config="true" duration-ms="11" started-at="2019-02-07T14:07:36Z" finished-at="2019-02-07T14:07:36Z">
          <params>
            <param index="0">
              <value>
                <![CDATA[[TestResult name=smoke2 on [Smoke1 passed=0 failed=0 skipped=0] status=SUCCESS method=Smoke1.smoke2(java.lang.String, java.lang.String)[pri:2, instance:[Smoke1 passed=0 failed=0 skipped=0]] output=</details></b>]]]>
              </value>
            </param>
            <param index="1">
              <value>
                <![CDATA[chrome]]>
              </value>
            </param>
            <param index="2">
              <value>
                <![CDATA[http://suptest.groupstp.ru/app/#!]]>
              </value>
            </param>
          </params>
          <reporter-output>
            <line>
              <![CDATA[</b><details><summary>Click to see last screen...</summary> <br></b>]]>
            </line>
            <line>
              <![CDATA[Открыть http://suptest.groupstp.ru/app/#! <br>]]>
            </line>
          </reporter-output>
        </test-method> <!-- startVideo -->
        <test-method status="PASS" signature="smoke2(java.lang.String, java.lang.String)[pri:2, instance:[Smoke1 passed=0 failed=0 skipped=0]]" name="smoke2" duration-ms="23900" started-at="2019-02-07T14:07:36Z" depends-on-methods="com.tests.smoke.Smoke1.smoke1" finished-at="2019-02-07T14:08:00Z">
          <params>
            <param index="0">
              <value>
                <![CDATA[nomenklatura]]>
              </value>
            </param>
            <param index="1">
              <value>
                <![CDATA[nomenklatura]]>
              </value>
            </param>
          </params>
          <reporter-output>
            <line>
              <![CDATA[</details></b>]]>
            </line>
            <line>
              <![CDATA[<a href=..\videos\smoke2.avi download="filename">Download video</a>]]>
            </line>
            <line>
              <![CDATA[<br><b><div align="left" style=" height:30px; width:250px; padding: 10px;  border: 2px solid gray; margin: 0; background-color:#19FF3A;">Class - Smoke1 TEST - smoke2 OK! chrome</div></b>]]>
            </line>
          </reporter-output>
        </test-method> <!-- smoke2 -->
        <test-method status="PASS" signature="result(org.testng.ITestResult, java.lang.String)[pri:0, instance:[Smoke1 passed=0 failed=0 skipped=0]]" name="result" is-config="true" duration-ms="3089" started-at="2019-02-07T14:08:00Z" finished-at="2019-02-07T14:08:03Z">
          <params>
            <param index="0">
              <value>
                <![CDATA[[TestResult name=smoke2 on [Smoke1 passed=0 failed=0 skipped=0] status=SUCCESS method=Smoke1.smoke2(java.lang.String, java.lang.String)[pri:2, instance:[Smoke1 passed=0 failed=0 skipped=0]] output=</details></b>]]]>
              </value>
            </param>
            <param index="1">
              <value>
                <![CDATA[chrome]]>
              </value>
            </param>
          </params>
          <reporter-output>
          </reporter-output>
        </test-method> <!-- result -->
        <test-method status="PASS" signature="startVideo(org.testng.ITestResult, java.lang.String, java.lang.String)[pri:0, instance:[Smoke1 passed=0 failed=0 skipped=0]]" name="startVideo" is-config="true" duration-ms="8" started-at="2019-02-07T14:08:03Z" finished-at="2019-02-07T14:08:03Z">
          <params>
            <param index="0">
              <value>
                <![CDATA[[TestResult name=smoke3 on [Smoke1 passed=0 failed=0 skipped=0] status=SUCCESS method=Smoke1.smoke3(java.lang.String, java.lang.String)[pri:3, instance:[Smoke1 passed=0 failed=0 skipped=0]] output=</details></b>]]]>
              </value>
            </param>
            <param index="1">
              <value>
                <![CDATA[chrome]]>
              </value>
            </param>
            <param index="2">
              <value>
                <![CDATA[http://suptest.groupstp.ru/app/#!]]>
              </value>
            </param>
          </params>
          <reporter-output>
            <line>
              <![CDATA[</b><details><summary>Click to see last screen...</summary> <br></b>]]>
            </line>
            <line>
              <![CDATA[Открыть http://suptest.groupstp.ru/app/#! <br>]]>
            </line>
          </reporter-output>
        </test-method> <!-- startVideo -->
        <test-method status="PASS" signature="smoke3(java.lang.String, java.lang.String)[pri:3, instance:[Smoke1 passed=0 failed=0 skipped=0]]" name="smoke3" duration-ms="20787" started-at="2019-02-07T14:08:03Z" depends-on-methods="com.tests.smoke.Smoke1.smoke2" finished-at="2019-02-07T14:08:24Z">
          <params>
            <param index="0">
              <value>
                <![CDATA[sklad]]>
              </value>
            </param>
            <param index="1">
              <value>
                <![CDATA[sklad]]>
              </value>
            </param>
          </params>
          <reporter-output>
            <line>
              <![CDATA[</details></b>]]>
            </line>
            <line>
              <![CDATA[<a href=..\videos\smoke3.avi download="filename">Download video</a>]]>
            </line>
            <line>
              <![CDATA[<br><b><div align="left" style=" height:30px; width:250px; padding: 10px;  border: 2px solid gray; margin: 0; background-color:#19FF3A;">Class - Smoke1 TEST - smoke3 OK! chrome</div></b>]]>
            </line>
          </reporter-output>
        </test-method> <!-- smoke3 -->
        <test-method status="PASS" signature="result(org.testng.ITestResult, java.lang.String)[pri:0, instance:[Smoke1 passed=0 failed=0 skipped=0]]" name="result" is-config="true" duration-ms="3112" started-at="2019-02-07T14:08:24Z" finished-at="2019-02-07T14:08:27Z">
          <params>
            <param index="0">
              <value>
                <![CDATA[[TestResult name=smoke3 on [Smoke1 passed=0 failed=0 skipped=0] status=SUCCESS method=Smoke1.smoke3(java.lang.String, java.lang.String)[pri:3, instance:[Smoke1 passed=0 failed=0 skipped=0]] output=</details></b>]]]>
              </value>
            </param>
            <param index="1">
              <value>
                <![CDATA[chrome]]>
              </value>
            </param>
          </params>
          <reporter-output>
          </reporter-output>
        </test-method> <!-- result -->
        <test-method status="PASS" signature="startVideo(org.testng.ITestResult, java.lang.String, java.lang.String)[pri:0, instance:[Smoke1 passed=0 failed=0 skipped=0]]" name="startVideo" is-config="true" duration-ms="8" started-at="2019-02-07T14:08:27Z" finished-at="2019-02-07T14:08:27Z">
          <params>
            <param index="0">
              <value>
                <![CDATA[[TestResult name=smoke4 on [Smoke1 passed=0 failed=0 skipped=0] status=SUCCESS method=Smoke1.smoke4(java.lang.String, java.lang.String)[pri:4, instance:[Smoke1 passed=0 failed=0 skipped=0]] output=</details></b>]]]>
              </value>
            </param>
            <param index="1">
              <value>
                <![CDATA[chrome]]>
              </value>
            </param>
            <param index="2">
              <value>
                <![CDATA[http://suptest.groupstp.ru/app/#!]]>
              </value>
            </param>
          </params>
          <reporter-output>
            <line>
              <![CDATA[</b><details><summary>Click to see last screen...</summary> <br></b>]]>
            </line>
            <line>
              <![CDATA[Открыть http://suptest.groupstp.ru/app/#! <br>]]>
            </line>
          </reporter-output>
        </test-method> <!-- startVideo -->
        <test-method status="PASS" signature="smoke4(java.lang.String, java.lang.String)[pri:4, instance:[Smoke1 passed=0 failed=0 skipped=0]]" name="smoke4" duration-ms="39277" started-at="2019-02-07T14:08:27Z" depends-on-methods="com.tests.smoke.Smoke1.smoke3" finished-at="2019-02-07T14:09:07Z">
          <params>
            <param index="0">
              <value>
                <![CDATA[snabjenec]]>
              </value>
            </param>
            <param index="1">
              <value>
                <![CDATA[snabjenec]]>
              </value>
            </param>
          </params>
          <reporter-output>
            <line>
              <![CDATA[</details></b>]]>
            </line>
            <line>
              <![CDATA[<a href=..\videos\smoke4.avi download="filename">Download video</a>]]>
            </line>
            <line>
              <![CDATA[<br><b><div align="left" style=" height:30px; width:250px; padding: 10px;  border: 2px solid gray; margin: 0; background-color:#19FF3A;">Class - Smoke1 TEST - smoke4 OK! chrome</div></b>]]>
            </line>
          </reporter-output>
        </test-method> <!-- smoke4 -->
        <test-method status="PASS" signature="result(org.testng.ITestResult, java.lang.String)[pri:0, instance:[Smoke1 passed=0 failed=0 skipped=0]]" name="result" is-config="true" duration-ms="3103" started-at="2019-02-07T14:09:07Z" finished-at="2019-02-07T14:09:10Z">
          <params>
            <param index="0">
              <value>
                <![CDATA[[TestResult name=smoke4 on [Smoke1 passed=0 failed=0 skipped=0] status=SUCCESS method=Smoke1.smoke4(java.lang.String, java.lang.String)[pri:4, instance:[Smoke1 passed=0 failed=0 skipped=0]] output=</details></b>]]]>
              </value>
            </param>
            <param index="1">
              <value>
                <![CDATA[chrome]]>
              </value>
            </param>
          </params>
          <reporter-output>
          </reporter-output>
        </test-method> <!-- result -->
        <test-method status="PASS" signature="startVideo(org.testng.ITestResult, java.lang.String, java.lang.String)[pri:0, instance:[Smoke1 passed=0 failed=0 skipped=0]]" name="startVideo" is-config="true" duration-ms="9" started-at="2019-02-07T14:09:10Z" finished-at="2019-02-07T14:09:10Z">
          <params>
            <param index="0">
              <value>
                <![CDATA[[TestResult name=smoke5 on [Smoke1 passed=0 failed=0 skipped=0] status=SUCCESS method=Smoke1.smoke5(java.lang.String, java.lang.String)[pri:5, instance:[Smoke1 passed=0 failed=0 skipped=0]] output=</details></b>]]]>
              </value>
            </param>
            <param index="1">
              <value>
                <![CDATA[chrome]]>
              </value>
            </param>
            <param index="2">
              <value>
                <![CDATA[http://suptest.groupstp.ru/app/#!]]>
              </value>
            </param>
          </params>
          <reporter-output>
            <line>
              <![CDATA[</b><details><summary>Click to see last screen...</summary> <br></b>]]>
            </line>
            <line>
              <![CDATA[Открыть http://suptest.groupstp.ru/app/#! <br>]]>
            </line>
          </reporter-output>
        </test-method> <!-- startVideo -->
        <test-method status="PASS" signature="smoke5(java.lang.String, java.lang.String)[pri:5, instance:[Smoke1 passed=0 failed=0 skipped=0]]" name="smoke5" duration-ms="190573" started-at="2019-02-07T14:09:10Z" depends-on-methods="com.tests.smoke.Smoke1.smoke4" finished-at="2019-02-07T14:12:20Z">
          <params>
            <param index="0">
              <value>
                <![CDATA[sotrudnik]]>
              </value>
            </param>
            <param index="1">
              <value>
                <![CDATA[sotrudnik]]>
              </value>
            </param>
          </params>
          <reporter-output>
            <line>
              <![CDATA[</details></b>]]>
            </line>
            <line>
              <![CDATA[<a href=..\videos\smoke5.avi download="filename">Download video</a>]]>
            </line>
            <line>
              <![CDATA[<br><b><div align="left" style=" height:30px; width:250px; padding: 10px;  border: 2px solid gray; margin: 0; background-color:#19FF3A;">Class - Smoke1 TEST - smoke5 OK! chrome</div></b>]]>
            </line>
          </reporter-output>
        </test-method> <!-- smoke5 -->
        <test-method status="PASS" signature="result(org.testng.ITestResult, java.lang.String)[pri:0, instance:[Smoke1 passed=0 failed=0 skipped=0]]" name="result" is-config="true" duration-ms="3236" started-at="2019-02-07T14:12:20Z" finished-at="2019-02-07T14:12:24Z">
          <params>
            <param index="0">
              <value>
                <![CDATA[[TestResult name=smoke5 on [Smoke1 passed=0 failed=0 skipped=0] status=SUCCESS method=Smoke1.smoke5(java.lang.String, java.lang.String)[pri:5, instance:[Smoke1 passed=0 failed=0 skipped=0]] output=</details></b>]]]>
              </value>
            </param>
            <param index="1">
              <value>
                <![CDATA[chrome]]>
              </value>
            </param>
          </params>
          <reporter-output>
          </reporter-output>
        </test-method> <!-- result -->
        <test-method status="PASS" signature="startVideo(org.testng.ITestResult, java.lang.String, java.lang.String)[pri:0, instance:[Smoke1 passed=0 failed=0 skipped=0]]" name="startVideo" is-config="true" duration-ms="11" started-at="2019-02-07T14:12:24Z" finished-at="2019-02-07T14:12:24Z">
          <params>
            <param index="0">
              <value>
                <![CDATA[[TestResult name=smoke6 on [Smoke1 passed=0 failed=0 skipped=0] status=SUCCESS method=Smoke1.smoke6(java.lang.String, java.lang.String, java.lang.String, java.lang.String, java.lang.String, java.lang.String)[pri:6, instance:[Smoke1 passed=0 failed=0 skipped=0]] output=</details></b>]]]>
              </value>
            </param>
            <param index="1">
              <value>
                <![CDATA[chrome]]>
              </value>
            </param>
            <param index="2">
              <value>
                <![CDATA[http://suptest.groupstp.ru/app/#!]]>
              </value>
            </param>
          </params>
          <reporter-output>
            <line>
              <![CDATA[</b><details><summary>Click to see last screen...</summary> <br></b>]]>
            </line>
            <line>
              <![CDATA[Открыть http://suptest.groupstp.ru/app/#! <br>]]>
            </line>
          </reporter-output>
        </test-method> <!-- startVideo -->
        <test-method status="PASS" signature="smoke6(java.lang.String, java.lang.String, java.lang.String, java.lang.String, java.lang.String, java.lang.String)[pri:6, instance:[Smoke1 passed=0 failed=0 skipped=0]]" name="smoke6" duration-ms="321008" started-at="2019-02-07T14:12:24Z" depends-on-methods="com.tests.smoke.Smoke1.smoke5" finished-at="2019-02-07T14:17:45Z">
          <params>
            <param index="0">
              <value>
                <![CDATA[t.postavshik1@gmail.com]]>
              </value>
            </param>
            <param index="1">
              <value>
                <![CDATA[t.postavshik2@gmail.com]]>
              </value>
            </param>
            <param index="2">
              <value>
                <![CDATA[t.postavshik3@gmail.com]]>
              </value>
            </param>
            <param index="3">
              <value>
                <![CDATA[postavshik]]>
              </value>
            </param>
            <param index="4">
              <value>
                <![CDATA[snabjenec]]>
              </value>
            </param>
            <param index="5">
              <value>
                <![CDATA[snabjenec]]>
              </value>
            </param>
          </params>
          <reporter-output>
            <line>
              <![CDATA[</details></b>]]>
            </line>
            <line>
              <![CDATA[<a href=..\videos\smoke6.avi download="filename">Download video</a>]]>
            </line>
            <line>
              <![CDATA[<br><b><div align="left" style=" height:30px; width:250px; padding: 10px;  border: 2px solid gray; margin: 0; background-color:#19FF3A;">Class - Smoke1 TEST - smoke6 OK! chrome</div></b>]]>
            </line>
          </reporter-output>
        </test-method> <!-- smoke6 -->
        <test-method status="PASS" signature="result(org.testng.ITestResult, java.lang.String)[pri:0, instance:[Smoke1 passed=0 failed=0 skipped=0]]" name="result" is-config="true" duration-ms="3270" started-at="2019-02-07T14:17:45Z" finished-at="2019-02-07T14:17:48Z">
          <params>
            <param index="0">
              <value>
                <![CDATA[[TestResult name=smoke6 on [Smoke1 passed=0 failed=0 skipped=0] status=SUCCESS method=Smoke1.smoke6(java.lang.String, java.lang.String, java.lang.String, java.lang.String, java.lang.String, java.lang.String)[pri:6, instance:[Smoke1 passed=0 failed=0 skipped=0]] output=</details></b>]]]>
              </value>
            </param>
            <param index="1">
              <value>
                <![CDATA[chrome]]>
              </value>
            </param>
          </params>
          <reporter-output>
          </reporter-output>
        </test-method> <!-- result -->
        <test-method status="PASS" signature="startVideo(org.testng.ITestResult, java.lang.String, java.lang.String)[pri:0, instance:[Smoke1 passed=0 failed=0 skipped=0]]" name="startVideo" is-config="true" duration-ms="12" started-at="2019-02-07T14:17:48Z" finished-at="2019-02-07T14:17:48Z">
          <params>
            <param index="0">
              <value>
                <![CDATA[[TestResult name=smoke7 on [Smoke1 passed=0 failed=0 skipped=0] status=SUCCESS method=Smoke1.smoke7(java.lang.String, java.lang.String)[pri:7, instance:[Smoke1 passed=0 failed=0 skipped=0]] output=</details></b>]]]>
              </value>
            </param>
            <param index="1">
              <value>
                <![CDATA[chrome]]>
              </value>
            </param>
            <param index="2">
              <value>
                <![CDATA[http://suptest.groupstp.ru/app/#!]]>
              </value>
            </param>
          </params>
          <reporter-output>
            <line>
              <![CDATA[</b><details><summary>Click to see last screen...</summary> <br></b>]]>
            </line>
            <line>
              <![CDATA[Открыть http://suptest.groupstp.ru/app/#! <br>]]>
            </line>
          </reporter-output>
        </test-method> <!-- startVideo -->
        <test-method status="PASS" signature="smoke7(java.lang.String, java.lang.String)[pri:7, instance:[Smoke1 passed=0 failed=0 skipped=0]]" name="smoke7" duration-ms="33935" started-at="2019-02-07T14:17:48Z" depends-on-methods="com.tests.smoke.Smoke1.smoke6" finished-at="2019-02-07T14:18:22Z">
          <params>
            <param index="0">
              <value>
                <![CDATA[sotrudnik]]>
              </value>
            </param>
            <param index="1">
              <value>
                <![CDATA[sotrudnik]]>
              </value>
            </param>
          </params>
          <reporter-output>
            <line>
              <![CDATA[</details></b>]]>
            </line>
            <line>
              <![CDATA[<a href=..\videos\smoke7.avi download="filename">Download video</a>]]>
            </line>
            <line>
              <![CDATA[<br><b><div align="left" style=" height:30px; width:250px; padding: 10px;  border: 2px solid gray; margin: 0; background-color:#19FF3A;">Class - Smoke1 TEST - smoke7 OK! chrome</div></b>]]>
            </line>
          </reporter-output>
        </test-method> <!-- smoke7 -->
        <test-method status="PASS" signature="result(org.testng.ITestResult, java.lang.String)[pri:0, instance:[Smoke1 passed=0 failed=0 skipped=0]]" name="result" is-config="true" duration-ms="3120" started-at="2019-02-07T14:18:22Z" finished-at="2019-02-07T14:18:25Z">
          <params>
            <param index="0">
              <value>
                <![CDATA[[TestResult name=smoke7 on [Smoke1 passed=0 failed=0 skipped=0] status=SUCCESS method=Smoke1.smoke7(java.lang.String, java.lang.String)[pri:7, instance:[Smoke1 passed=0 failed=0 skipped=0]] output=</details></b>]]]>
              </value>
            </param>
            <param index="1">
              <value>
                <![CDATA[chrome]]>
              </value>
            </param>
          </params>
          <reporter-output>
          </reporter-output>
        </test-method> <!-- result -->
        <test-method status="PASS" signature="startVideo(org.testng.ITestResult, java.lang.String, java.lang.String)[pri:0, instance:[Smoke1 passed=0 failed=0 skipped=0]]" name="startVideo" is-config="true" duration-ms="24" started-at="2019-02-07T14:18:25Z" finished-at="2019-02-07T14:18:25Z">
          <params>
            <param index="0">
              <value>
                <![CDATA[[TestResult name=smoke8 on [Smoke1 passed=0 failed=0 skipped=0] status=SUCCESS method=Smoke1.smoke8(java.lang.String, java.lang.String)[pri:8, instance:[Smoke1 passed=0 failed=0 skipped=0]] output=</details></b>]]]>
              </value>
            </param>
            <param index="1">
              <value>
                <![CDATA[chrome]]>
              </value>
            </param>
            <param index="2">
              <value>
                <![CDATA[http://suptest.groupstp.ru/app/#!]]>
              </value>
            </param>
          </params>
          <reporter-output>
            <line>
              <![CDATA[</b><details><summary>Click to see last screen...</summary> <br></b>]]>
            </line>
            <line>
              <![CDATA[Открыть http://suptest.groupstp.ru/app/#! <br>]]>
            </line>
          </reporter-output>
        </test-method> <!-- startVideo -->
        <test-method status="PASS" signature="smoke8(java.lang.String, java.lang.String)[pri:8, instance:[Smoke1 passed=0 failed=0 skipped=0]]" name="smoke8" duration-ms="35456" started-at="2019-02-07T14:18:25Z" depends-on-methods="com.tests.smoke.Smoke1.smoke7" finished-at="2019-02-07T14:19:00Z">
          <params>
            <param index="0">
              <value>
                <![CDATA[nomenklatura]]>
              </value>
            </param>
            <param index="1">
              <value>
                <![CDATA[nomenklatura]]>
              </value>
            </param>
          </params>
          <reporter-output>
            <line>
              <![CDATA[</details></b>]]>
            </line>
            <line>
              <![CDATA[<a href=..\videos\smoke8.avi download="filename">Download video</a>]]>
            </line>
            <line>
              <![CDATA[<br><b><div align="left" style=" height:30px; width:250px; padding: 10px;  border: 2px solid gray; margin: 0; background-color:#19FF3A;">Class - Smoke1 TEST - smoke8 OK! chrome</div></b>]]>
            </line>
          </reporter-output>
        </test-method> <!-- smoke8 -->
        <test-method status="PASS" signature="result(org.testng.ITestResult, java.lang.String)[pri:0, instance:[Smoke1 passed=0 failed=0 skipped=0]]" name="result" is-config="true" duration-ms="3137" started-at="2019-02-07T14:19:00Z" finished-at="2019-02-07T14:19:04Z">
          <params>
            <param index="0">
              <value>
                <![CDATA[[TestResult name=smoke8 on [Smoke1 passed=0 failed=0 skipped=0] status=SUCCESS method=Smoke1.smoke8(java.lang.String, java.lang.String)[pri:8, instance:[Smoke1 passed=0 failed=0 skipped=0]] output=</details></b>]]]>
              </value>
            </param>
            <param index="1">
              <value>
                <![CDATA[chrome]]>
              </value>
            </param>
          </params>
          <reporter-output>
          </reporter-output>
        </test-method> <!-- result -->
        <test-method status="PASS" signature="startVideo(org.testng.ITestResult, java.lang.String, java.lang.String)[pri:0, instance:[Smoke1 passed=0 failed=0 skipped=0]]" name="startVideo" is-config="true" duration-ms="8" started-at="2019-02-07T14:19:04Z" finished-at="2019-02-07T14:19:04Z">
          <params>
            <param index="0">
              <value>
                <![CDATA[[TestResult name=smoke9 on [Smoke1 passed=0 failed=0 skipped=0] status=SUCCESS method=Smoke1.smoke9(java.lang.String, java.lang.String)[pri:9, instance:[Smoke1 passed=0 failed=0 skipped=0]] output=</details></b>]]]>
              </value>
            </param>
            <param index="1">
              <value>
                <![CDATA[chrome]]>
              </value>
            </param>
            <param index="2">
              <value>
                <![CDATA[http://suptest.groupstp.ru/app/#!]]>
              </value>
            </param>
          </params>
          <reporter-output>
            <line>
              <![CDATA[</b><details><summary>Click to see last screen...</summary> <br></b>]]>
            </line>
            <line>
              <![CDATA[Открыть http://suptest.groupstp.ru/app/#! <br>]]>
            </line>
          </reporter-output>
        </test-method> <!-- startVideo -->
        <test-method status="PASS" signature="smoke9(java.lang.String, java.lang.String)[pri:9, instance:[Smoke1 passed=0 failed=0 skipped=0]]" name="smoke9" duration-ms="34342" started-at="2019-02-07T14:19:04Z" depends-on-methods="com.tests.smoke.Smoke1.smoke8" finished-at="2019-02-07T14:19:38Z">
          <params>
            <param index="0">
              <value>
                <![CDATA[sklad]]>
              </value>
            </param>
            <param index="1">
              <value>
                <![CDATA[sklad]]>
              </value>
            </param>
          </params>
          <reporter-output>
            <line>
              <![CDATA[</details></b>]]>
            </line>
            <line>
              <![CDATA[<a href=..\videos\smoke9.avi download="filename">Download video</a>]]>
            </line>
            <line>
              <![CDATA[<br><b><div align="left" style=" height:30px; width:250px; padding: 10px;  border: 2px solid gray; margin: 0; background-color:#19FF3A;">Class - Smoke1 TEST - smoke9 OK! chrome</div></b>]]>
            </line>
          </reporter-output>
        </test-method> <!-- smoke9 -->
        <test-method status="PASS" signature="result(org.testng.ITestResult, java.lang.String)[pri:0, instance:[Smoke1 passed=0 failed=0 skipped=0]]" name="result" is-config="true" duration-ms="3233" started-at="2019-02-07T14:19:38Z" finished-at="2019-02-07T14:19:41Z">
          <params>
            <param index="0">
              <value>
                <![CDATA[[TestResult name=smoke9 on [Smoke1 passed=0 failed=0 skipped=0] status=SUCCESS method=Smoke1.smoke9(java.lang.String, java.lang.String)[pri:9, instance:[Smoke1 passed=0 failed=0 skipped=0]] output=</details></b>]]]>
              </value>
            </param>
            <param index="1">
              <value>
                <![CDATA[chrome]]>
              </value>
            </param>
          </params>
          <reporter-output>
          </reporter-output>
        </test-method> <!-- result -->
        <test-method status="PASS" signature="startVideo(org.testng.ITestResult, java.lang.String, java.lang.String)[pri:0, instance:[Smoke1 passed=0 failed=0 skipped=0]]" name="startVideo" is-config="true" duration-ms="15" started-at="2019-02-07T14:19:41Z" finished-at="2019-02-07T14:19:41Z">
          <params>
            <param index="0">
              <value>
                <![CDATA[[TestResult name=smoke10 on [Smoke1 passed=0 failed=0 skipped=0] status=SUCCESS method=Smoke1.smoke10(java.lang.String, java.lang.String)[pri:10, instance:[Smoke1 passed=0 failed=0 skipped=0]] output=</details></b>]]]>
              </value>
            </param>
            <param index="1">
              <value>
                <![CDATA[chrome]]>
              </value>
            </param>
            <param index="2">
              <value>
                <![CDATA[http://suptest.groupstp.ru/app/#!]]>
              </value>
            </param>
          </params>
          <reporter-output>
            <line>
              <![CDATA[</b><details><summary>Click to see last screen...</summary> <br></b>]]>
            </line>
            <line>
              <![CDATA[Открыть http://suptest.groupstp.ru/app/#! <br>]]>
            </line>
          </reporter-output>
        </test-method> <!-- startVideo -->
        <test-method status="PASS" signature="smoke10(java.lang.String, java.lang.String)[pri:10, instance:[Smoke1 passed=0 failed=0 skipped=0]]" name="smoke10" duration-ms="65468" started-at="2019-02-07T14:19:41Z" depends-on-methods="com.tests.smoke.Smoke1.smoke9" finished-at="2019-02-07T14:20:47Z">
          <params>
            <param index="0">
              <value>
                <![CDATA[snabjenec]]>
              </value>
            </param>
            <param index="1">
              <value>
                <![CDATA[snabjenec]]>
              </value>
            </param>
          </params>
          <reporter-output>
            <line>
              <![CDATA[</details></b>]]>
            </line>
            <line>
              <![CDATA[<a href=..\videos\smoke10.avi download="filename">Download video</a>]]>
            </line>
            <line>
              <![CDATA[<br><b><div align="left" style=" height:30px; width:250px; padding: 10px;  border: 2px solid gray; margin: 0; background-color:#19FF3A;">Class - Smoke1 TEST - smoke10 OK! chrome</div></b>]]>
            </line>
          </reporter-output>
        </test-method> <!-- smoke10 -->
        <test-method status="PASS" signature="result(org.testng.ITestResult, java.lang.String)[pri:0, instance:[Smoke1 passed=0 failed=0 skipped=0]]" name="result" is-config="true" duration-ms="3109" started-at="2019-02-07T14:20:47Z" finished-at="2019-02-07T14:20:50Z">
          <params>
            <param index="0">
              <value>
                <![CDATA[[TestResult name=smoke10 on [Smoke1 passed=0 failed=0 skipped=0] status=SUCCESS method=Smoke1.smoke10(java.lang.String, java.lang.String)[pri:10, instance:[Smoke1 passed=0 failed=0 skipped=0]] output=</details></b>]]]>
              </value>
            </param>
            <param index="1">
              <value>
                <![CDATA[chrome]]>
              </value>
            </param>
          </params>
          <reporter-output>
          </reporter-output>
        </test-method> <!-- result -->
        <test-method status="PASS" signature="startVideo(org.testng.ITestResult, java.lang.String, java.lang.String)[pri:0, instance:[Smoke1 passed=0 failed=0 skipped=0]]" name="startVideo" is-config="true" duration-ms="8" started-at="2019-02-07T14:20:50Z" finished-at="2019-02-07T14:20:50Z">
          <params>
            <param index="0">
              <value>
                <![CDATA[[TestResult name=smoke11 on [Smoke1 passed=0 failed=0 skipped=0] status=SUCCESS method=Smoke1.smoke11(java.lang.String, java.lang.String)[pri:10, instance:[Smoke1 passed=0 failed=0 skipped=0]] output=</details></b>]]]>
              </value>
            </param>
            <param index="1">
              <value>
                <![CDATA[chrome]]>
              </value>
            </param>
            <param index="2">
              <value>
                <![CDATA[http://suptest.groupstp.ru/app/#!]]>
              </value>
            </param>
          </params>
          <reporter-output>
            <line>
              <![CDATA[</b><details><summary>Click to see last screen...</summary> <br></b>]]>
            </line>
            <line>
              <![CDATA[Открыть http://suptest.groupstp.ru/app/#! <br>]]>
            </line>
          </reporter-output>
        </test-method> <!-- startVideo -->
        <test-method status="PASS" signature="smoke11(java.lang.String, java.lang.String)[pri:10, instance:[Smoke1 passed=0 failed=0 skipped=0]]" name="smoke11" duration-ms="24554" started-at="2019-02-07T14:20:50Z" depends-on-methods="com.tests.smoke.Smoke1.smoke10" finished-at="2019-02-07T14:21:14Z">
          <params>
            <param index="0">
              <value>
                <![CDATA[sotrudnik]]>
              </value>
            </param>
            <param index="1">
              <value>
                <![CDATA[sotrudnik]]>
              </value>
            </param>
          </params>
          <reporter-output>
            <line>
              <![CDATA[</details></b>]]>
            </line>
            <line>
              <![CDATA[<a href=..\videos\smoke11.avi download="filename">Download video</a>]]>
            </line>
            <line>
              <![CDATA[<br><b><div align="left" style=" height:30px; width:250px; padding: 10px;  border: 2px solid gray; margin: 0; background-color:#19FF3A;">Class - Smoke1 TEST - smoke11 OK! chrome</div></b>]]>
            </line>
          </reporter-output>
        </test-method> <!-- smoke11 -->
        <test-method status="PASS" signature="result(org.testng.ITestResult, java.lang.String)[pri:0, instance:[Smoke1 passed=0 failed=0 skipped=0]]" name="result" is-config="true" duration-ms="3106" started-at="2019-02-07T14:21:14Z" finished-at="2019-02-07T14:21:17Z">
          <params>
            <param index="0">
              <value>
                <![CDATA[[TestResult name=smoke11 on [Smoke1 passed=0 failed=0 skipped=0] status=SUCCESS method=Smoke1.smoke11(java.lang.String, java.lang.String)[pri:10, instance:[Smoke1 passed=0 failed=0 skipped=0]] output=</details></b>]]]>
              </value>
            </param>
            <param index="1">
              <value>
                <![CDATA[chrome]]>
              </value>
            </param>
          </params>
          <reporter-output>
          </reporter-output>
        </test-method> <!-- result -->
        <test-method status="PASS" signature="tearDown()[pri:0, instance:[Smoke1 passed=0 failed=0 skipped=0]]" name="tearDown" is-config="true" duration-ms="889" started-at="2019-02-07T14:21:17Z" finished-at="2019-02-07T14:21:18Z">
          <reporter-output>
          </reporter-output>
        </test-method> <!-- tearDown -->
      </class> <!-- com.tests.smoke.Smoke1 -->
    </test> <!-- SMOKE TESTS -->
  </suite> <!-- SMOKE TESTS SUPPLY -->
</testng-results>
